2021-05-25 19:44:27.437  INFO [type-service,,,] 1276 --- [           main] c.c.c.ConfigServicePropertySourceLocator : Fetching config from server at : http://localhost:8888
2021-05-25 19:44:29.637  INFO [type-service,,,] 1276 --- [           main] c.c.c.ConfigServicePropertySourceLocator : Connect Timeout Exception on Url - http://localhost:8888. Will be trying the next url if available
2021-05-25 19:44:29.638  WARN [type-service,,,] 1276 --- [           main] c.c.c.ConfigServicePropertySourceLocator : Could not locate PropertySource: I/O error on GET request for "http://localhost:8888/type-service/development": Connection refused: connect; nested exception is java.net.ConnectException: Connection refused: connect
2021-05-25 19:44:29.650  INFO [type-service,,,] 1276 --- [           main] c.t.l.m.type.TypeServiceApplication      : The following profiles are active: development
2021-05-25 19:44:32.962  INFO [type-service,,,] 1276 --- [           main] .s.d.r.c.RepositoryConfigurationDelegate : Bootstrapping Spring Data JPA repositories in DEFAULT mode.
2021-05-25 19:44:33.328  INFO [type-service,,,] 1276 --- [           main] .s.d.r.c.RepositoryConfigurationDelegate : Finished Spring Data repository scanning in 348ms. Found 2 JPA repository interfaces.
2021-05-25 19:44:34.273  INFO [type-service,,,] 1276 --- [           main] o.s.cloud.context.scope.GenericScope     : BeanFactory id=da58a103-5746-3309-95b1-016675c95d8f
2021-05-25 19:44:34.334  INFO [type-service,,,] 1276 --- [           main] faultConfiguringBeanFactoryPostProcessor : No bean named 'errorChannel' has been explicitly defined. Therefore, a default PublishSubscribeChannel will be created.
2021-05-25 19:44:34.346  INFO [type-service,,,] 1276 --- [           main] faultConfiguringBeanFactoryPostProcessor : No bean named 'taskScheduler' has been explicitly defined. Therefore, a default ThreadPoolTaskScheduler will be created.
2021-05-25 19:44:34.393  INFO [type-service,,,] 1276 --- [           main] faultConfiguringBeanFactoryPostProcessor : No bean named 'integrationHeaderChannelRegistry' has been explicitly defined. Therefore, a default DefaultHeaderChannelRegistry will be created.
2021-05-25 19:44:34.985  INFO [type-service,,,] 1276 --- [           main] trationDelegate$BeanPostProcessorChecker : Bean 'org.springframework.integration.config.IntegrationManagementConfiguration' of type [org.springframework.integration.config.IntegrationManagementConfiguration] is not eligible for getting processed by all BeanPostProcessors (for example: not eligible for auto-proxying)
2021-05-25 19:44:35.037  INFO [type-service,,,] 1276 --- [           main] trationDelegate$BeanPostProcessorChecker : Bean 'integrationChannelResolver' of type [org.springframework.integration.support.channel.BeanFactoryChannelResolver] is not eligible for getting processed by all BeanPostProcessors (for example: not eligible for auto-proxying)
2021-05-25 19:44:35.046  INFO [type-service,,,] 1276 --- [           main] trationDelegate$BeanPostProcessorChecker : Bean 'integrationDisposableAutoCreatedBeans' of type [org.springframework.integration.config.annotation.Disposables] is not eligible for getting processed by all BeanPostProcessors (for example: not eligible for auto-proxying)
2021-05-25 19:44:36.048  INFO [type-service,,,] 1276 --- [           main] o.s.b.w.embedded.tomcat.TomcatWebServer  : Tomcat initialized with port(s): 10080 (http)
2021-05-25 19:44:36.065  INFO [type-service,,,] 1276 --- [           main] o.apache.catalina.core.StandardService   : Starting service [Tomcat]
2021-05-25 19:44:36.066  INFO [type-service,,,] 1276 --- [           main] org.apache.catalina.core.StandardEngine  : Starting Servlet engine: [Apache Tomcat/9.0.43]
2021-05-25 19:44:36.196  INFO [type-service,,,] 1276 --- [           main] o.a.c.c.C.[.[localhost].[/v1/type]       : Initializing Spring embedded WebApplicationContext
2021-05-25 19:44:36.196  INFO [type-service,,,] 1276 --- [           main] w.s.c.ServletWebServerApplicationContext : Root WebApplicationContext: initialization completed in 6490 ms
2021-05-25 19:44:36.522  INFO [type-service,,,] 1276 --- [           main] c.n.c.sources.URLConfigurationSource     : URLs to be used as dynamic configuration source: [jar:file:/C:/Users/anirb/CodeBase/teenthofabud/laundromat-manager/laundromat-management-services/type-service/target/type-app-0.0.1-SNAPSHOT.jar!/BOOT-INF/classes!/config.properties]
2021-05-25 19:44:36.576  INFO [type-service,,,] 1276 --- [           main] c.netflix.config.DynamicPropertyFactory  : DynamicPropertyFactory is initialized with configuration sources: com.netflix.config.ConcurrentCompositeConfiguration@77774571
2021-05-25 19:44:38.880  INFO [type-service,,,] 1276 --- [           main] o.hibernate.jpa.internal.util.LogHelper  : HHH000204: Processing PersistenceUnitInfo [name: default]
2021-05-25 19:44:39.039  INFO [type-service,,,] 1276 --- [           main] org.hibernate.Version                    : HHH000412: Hibernate ORM core version 5.4.28.Final
2021-05-25 19:44:39.277  INFO [type-service,,,] 1276 --- [           main] o.hibernate.annotations.common.Version   : HCANN000001: Hibernate Commons Annotations {5.1.2.Final}
2021-05-25 19:44:39.473  INFO [type-service,,,] 1276 --- [           main] com.zaxxer.hikari.HikariDataSource       : HikariPool-1 - Starting...
2021-05-25 19:44:39.981  INFO [type-service,,,] 1276 --- [           main] com.zaxxer.hikari.HikariDataSource       : HikariPool-1 - Start completed.
2021-05-25 19:44:40.038  INFO [type-service,,,] 1276 --- [           main] org.hibernate.dialect.Dialect            : HHH000400: Using dialect: org.hibernate.dialect.MySQL8Dialect
2021-05-25 19:44:41.020  INFO [type-service,,,] 1276 --- [           main] o.h.e.t.j.p.i.JtaPlatformInitiator       : HHH000490: Using JtaPlatform implementation: [org.hibernate.engine.transaction.jta.platform.internal.NoJtaPlatform]
2021-05-25 19:44:41.033  INFO [type-service,,,] 1276 --- [           main] j.LocalContainerEntityManagerFactoryBean : Initialized JPA EntityManagerFactory for persistence unit 'default'
2021-05-25 19:44:41.957  INFO [type-service,,,] 1276 --- [           main] c.n.c.sources.URLConfigurationSource     : URLs to be used as dynamic configuration source: [jar:file:/C:/Users/anirb/CodeBase/teenthofabud/laundromat-manager/laundromat-management-services/type-service/target/type-app-0.0.1-SNAPSHOT.jar!/BOOT-INF/classes!/config.properties]
2021-05-25 19:44:42.881  INFO [type-service,,,] 1276 --- [           main] o.s.s.concurrent.ThreadPoolTaskExecutor  : Initializing ExecutorService 'applicationTaskExecutor'
2021-05-25 19:44:45.021  INFO [type-service,,,] 1276 --- [           main] DiscoveryClientOptionalArgsConfiguration : Eureka HTTP Client uses Jersey
2021-05-25 19:44:46.059  INFO [type-service,,,] 1276 --- [           main] o.s.b.a.e.web.EndpointLinksResolver      : Exposing 2 endpoint(s) beneath base path '/actuator'
2021-05-25 19:44:46.255  INFO [type-service,,,] 1276 --- [           main] o.s.s.c.ThreadPoolTaskScheduler          : Initializing ExecutorService 'taskScheduler'
2021-05-25 19:44:46.429  INFO [type-service,,,] 1276 --- [           main] o.s.i.endpoint.EventDrivenConsumer       : Adding {logging-channel-adapter:_org.springframework.integration.errorLogger} as a subscriber to the 'errorChannel' channel
2021-05-25 19:44:46.431  INFO [type-service,,,] 1276 --- [           main] o.s.i.channel.PublishSubscribeChannel    : Channel 'type-service-1.errorChannel' has 1 subscriber(s).
2021-05-25 19:44:46.432  INFO [type-service,,,] 1276 --- [           main] o.s.i.endpoint.EventDrivenConsumer       : started bean '_org.springframework.integration.errorLogger'
2021-05-25 19:44:46.466  INFO [type-service,,,] 1276 --- [           main] o.s.b.w.embedded.tomcat.TomcatWebServer  : Tomcat started on port(s): 10080 (http) with context path '/v1/type'
2021-05-25 19:44:46.775  INFO [type-service,,,] 1276 --- [           main] c.t.l.m.type.TypeServiceApplication      : Started TypeServiceApplication in 22.125 seconds (JVM running for 23.176)
2021-05-25 19:45:10.487  INFO [type-service,,,] 1276 --- [io-10080-exec-1] o.a.c.c.C.[.[localhost].[/v1/type]       : Initializing Spring DispatcherServlet 'dispatcherServlet'
2021-05-25 19:45:10.488  INFO [type-service,,,] 1276 --- [io-10080-exec-1] o.s.web.servlet.DispatcherServlet        : Initializing Servlet 'dispatcherServlet'
2021-05-25 19:45:10.510  INFO [type-service,,,] 1276 --- [io-10080-exec-1] o.s.web.servlet.DispatcherServlet        : Completed initialization in 22 ms
2021-05-25 19:45:19.049  INFO [type-service,d0ff1424e26b21f7,d0ff1424e26b21f7,false] 1276 --- [io-10080-exec-5] c.c.c.ConfigServicePropertySourceLocator : Fetching config from server at : http://localhost:8888
2021-05-25 19:45:21.095  INFO [type-service,d0ff1424e26b21f7,d0ff1424e26b21f7,false] 1276 --- [io-10080-exec-5] c.c.c.ConfigServicePropertySourceLocator : Connect Timeout Exception on Url - http://localhost:8888. Will be trying the next url if available
2021-05-25 19:45:21.096  WARN [type-service,d0ff1424e26b21f7,d0ff1424e26b21f7,false] 1276 --- [io-10080-exec-5] c.c.c.ConfigServicePropertySourceLocator : Could not locate PropertySource: I/O error on GET request for "http://localhost:8888/type-service/development": Connection refused: connect; nested exception is java.net.ConnectException: Connection refused: connect
2021-05-25 23:48:28.352  INFO [type-service,1a3b63d8ac27767c,1a3b63d8ac27767c,true] 1276 --- [io-10080-exec-7] c.t.l.m.t.s.impl.TypeLOVServiceImpl      : Requesting all TypeLOVEntity by their natural ordering
2021-05-25 23:48:28.768  INFO [type-service,1a3b63d8ac27767c,1a3b63d8ac27767c,true] 1276 --- [io-10080-exec-7] c.t.l.m.t.s.impl.TypeLOVServiceImpl      : 29 TypeLOVVo available
2021-05-25 23:49:03.619  INFO [type-service,e10cf3532e4f61d6,e10cf3532e4f61d6,true] 1276 --- [io-10080-exec-6] c.t.l.m.t.s.impl.TypeModelServiceImpl    : Creating new TypeModelEntity
2021-05-25 23:49:03.789  INFO [type-service,e10cf3532e4f61d6,e10cf3532e4f61d6,true] 1276 --- [io-10080-exec-6] c.t.l.m.t.s.impl.TypeModelServiceImpl    : Created new TypeModelForm with id: 1
2021-05-25 23:49:05.759  INFO [type-service,79bb5e22de0ec709,79bb5e22de0ec709,true] 1276 --- [io-10080-exec-8] c.t.l.m.t.s.impl.TypeModelServiceImpl    : Creating new TypeModelEntity
2021-05-25 23:50:32.000  INFO [type-service,e2d41fab42fb2799,e2d41fab42fb2799,true] 1276 --- [io-10080-exec-2] c.t.l.m.t.s.impl.TypeModelServiceImpl    : Creating new TypeModelEntity
2021-05-25 23:50:32.009  INFO [type-service,e2d41fab42fb2799,e2d41fab42fb2799,true] 1276 --- [io-10080-exec-2] c.t.l.m.t.s.impl.TypeModelServiceImpl    : Created new TypeModelForm with id: 2
2021-05-25 23:50:34.502  INFO [type-service,0b564399134efb75,0b564399134efb75,true] 1276 --- [io-10080-exec-1] c.t.l.m.t.s.impl.TypeModelServiceImpl    : Creating new TypeModelEntity
2021-05-25 23:51:13.157  INFO [type-service,c278076e4c80b9ab,c278076e4c80b9ab,true] 1276 --- [io-10080-exec-5] c.t.l.m.t.s.impl.TypeModelServiceImpl    : Creating new TypeModelEntity
2021-05-25 23:51:13.174  INFO [type-service,c278076e4c80b9ab,c278076e4c80b9ab,true] 1276 --- [io-10080-exec-5] c.t.l.m.t.s.impl.TypeModelServiceImpl    : Created new TypeModelForm with id: 3
2021-05-25 23:51:14.348  INFO [type-service,1f68cc64df865336,1f68cc64df865336,true] 1276 --- [io-10080-exec-3] c.t.l.m.t.s.impl.TypeModelServiceImpl    : Creating new TypeModelEntity
2021-05-25 23:51:41.413  INFO [type-service,5742c4dbaca64ff1,5742c4dbaca64ff1,true] 1276 --- [io-10080-exec-4] c.t.l.m.t.s.impl.TypeModelServiceImpl    : Creating new TypeModelEntity
2021-05-25 23:51:41.432  INFO [type-service,5742c4dbaca64ff1,5742c4dbaca64ff1,true] 1276 --- [io-10080-exec-4] c.t.l.m.t.s.impl.TypeModelServiceImpl    : Created new TypeModelForm with id: 4
2021-05-25 23:51:50.159  INFO [type-service,b7e39e9e84d10673,b7e39e9e84d10673,true] 1276 --- [io-10080-exec-7] c.t.l.m.t.s.impl.TypeModelServiceImpl    : Creating new TypeModelEntity
2021-05-25 23:51:50.189  INFO [type-service,b7e39e9e84d10673,b7e39e9e84d10673,true] 1276 --- [io-10080-exec-7] c.t.l.m.t.s.impl.TypeModelServiceImpl    : Created new TypeModelForm with id: 5
2021-05-25 23:52:09.213  INFO [type-service,6dd4688d652148b7,6dd4688d652148b7,true] 1276 --- [io-10080-exec-6] c.t.l.m.t.s.impl.TypeModelServiceImpl    : Creating new TypeModelEntity
2021-05-25 23:52:09.231  INFO [type-service,6dd4688d652148b7,6dd4688d652148b7,true] 1276 --- [io-10080-exec-6] c.t.l.m.t.s.impl.TypeModelServiceImpl    : Created new TypeModelForm with id: 6
2021-05-25 23:52:23.613  INFO [type-service,190c8588f0b1a58d,190c8588f0b1a58d,true] 1276 --- [io-10080-exec-8] c.t.l.m.t.s.impl.TypeModelServiceImpl    : Creating new TypeModelEntity
2021-05-25 23:52:23.634  INFO [type-service,190c8588f0b1a58d,190c8588f0b1a58d,true] 1276 --- [io-10080-exec-8] c.t.l.m.t.s.impl.TypeModelServiceImpl    : Created new TypeModelForm with id: 7
2021-05-25 23:52:34.339  INFO [type-service,298bf32a226f24f2,298bf32a226f24f2,true] 1276 --- [o-10080-exec-10] c.t.l.m.t.s.impl.TypeModelServiceImpl    : Creating new TypeModelEntity
2021-05-25 23:52:34.358  INFO [type-service,298bf32a226f24f2,298bf32a226f24f2,true] 1276 --- [o-10080-exec-10] c.t.l.m.t.s.impl.TypeModelServiceImpl    : Created new TypeModelForm with id: 8
2021-05-25 23:52:35.291  INFO [type-service,5bca8f2df092d3d6,5bca8f2df092d3d6,true] 1276 --- [io-10080-exec-9] c.t.l.m.t.s.impl.TypeModelServiceImpl    : Creating new TypeModelEntity
2021-05-25 23:52:55.252  INFO [type-service,9118990ca8f0fd52,9118990ca8f0fd52,true] 1276 --- [io-10080-exec-2] c.t.l.m.t.s.impl.TypeModelServiceImpl    : Creating new TypeModelEntity
2021-05-25 23:52:55.264  INFO [type-service,9118990ca8f0fd52,9118990ca8f0fd52,true] 1276 --- [io-10080-exec-2] c.t.l.m.t.s.impl.TypeModelServiceImpl    : Created new TypeModelForm with id: 9
2021-05-25 23:53:08.359  INFO [type-service,56de6dfcd0e756a5,56de6dfcd0e756a5,true] 1276 --- [io-10080-exec-1] c.t.l.m.t.s.impl.TypeModelServiceImpl    : Creating new TypeModelEntity
2021-05-25 23:53:08.381  INFO [type-service,56de6dfcd0e756a5,56de6dfcd0e756a5,true] 1276 --- [io-10080-exec-1] c.t.l.m.t.s.impl.TypeModelServiceImpl    : Created new TypeModelForm with id: 10
2021-05-25 23:53:25.816  WARN [type-service,fecf90d7b2fcb1b3,fecf90d7b2fcb1b3,true] 1276 --- [io-10080-exec-5] .w.s.m.s.DefaultHandlerExceptionResolver : Resolved [org.springframework.web.HttpRequestMethodNotSupportedException: Request method 'GET' not supported]
2021-05-25 23:53:33.745  INFO [type-service,c1e5ab4b2eab9598,c1e5ab4b2eab9598,true] 1276 --- [io-10080-exec-3] c.t.l.m.t.s.impl.TypeModelServiceImpl    : Requesting TypeModelEntity by id: 9
2021-05-25 23:53:33.769  INFO [type-service,c1e5ab4b2eab9598,c1e5ab4b2eab9598,true] 1276 --- [io-10080-exec-3] c.t.l.m.t.s.impl.TypeModelServiceImpl    : Found TypeModelVo by id: 9
2021-05-25 23:54:47.319  WARN [type-service,3da210cc21809d0c,3da210cc21809d0c,true] 1276 --- [io-10080-exec-6] .w.s.m.s.DefaultHandlerExceptionResolver : Resolved [org.springframework.web.HttpRequestMethodNotSupportedException: Request method 'PATCH' not supported]
2021-05-25 23:55:11.834  INFO [type-service,c95173bfae73762b,c95173bfae73762b,true] 1276 --- [io-10080-exec-8] c.t.l.m.t.s.impl.TypeModelServiceImpl    : Patching TypeModelEntity by id: 9
2021-05-25 23:55:12.071  INFO [type-service,c95173bfae73762b,c95173bfae73762b,true] 1276 --- [io-10080-exec-8] c.t.l.m.t.s.impl.TypeModelServiceImpl    : Patched TypeModelEntity with id:9
2021-05-25 23:55:15.712  INFO [type-service,ab84fa7a28e71b75,ab84fa7a28e71b75,true] 1276 --- [o-10080-exec-10] c.t.l.m.t.s.impl.TypeModelServiceImpl    : Requesting TypeModelEntity by id: 9
2021-05-25 23:55:15.724  INFO [type-service,ab84fa7a28e71b75,ab84fa7a28e71b75,true] 1276 --- [o-10080-exec-10] c.t.l.m.t.s.impl.TypeModelServiceImpl    : Found TypeModelVo by id: 9
2021-05-25 23:55:22.345  INFO [type-service,aa775e4566b036ce,aa775e4566b036ce,true] 1276 --- [io-10080-exec-9] c.t.l.m.t.s.impl.TypeModelServiceImpl    : Creating new TypeModelEntity
2021-05-25 23:55:45.589  INFO [type-service,68615d2b94caa23d,68615d2b94caa23d,true] 1276 --- [io-10080-exec-2] c.t.l.m.t.s.impl.TypeModelServiceImpl    : Patching TypeModelEntity by id: 10
2021-05-25 23:55:45.597  INFO [type-service,68615d2b94caa23d,68615d2b94caa23d,true] 1276 --- [io-10080-exec-2] c.t.l.m.t.s.impl.TypeModelServiceImpl    : Patched TypeModelEntity with id:10
2021-05-25 23:55:51.185  INFO [type-service,9649886ce5b21edb,9649886ce5b21edb,true] 1276 --- [io-10080-exec-1] c.t.l.m.t.s.impl.TypeModelServiceImpl    : Requesting TypeModelEntity by id: 10
2021-05-25 23:55:51.197  INFO [type-service,9649886ce5b21edb,9649886ce5b21edb,true] 1276 --- [io-10080-exec-1] c.t.l.m.t.s.impl.TypeModelServiceImpl    : Found TypeModelVo by id: 10
2021-05-25 23:56:13.723  INFO [type-service,c42f9c7fe08bd6d2,c42f9c7fe08bd6d2,true] 1276 --- [io-10080-exec-5] c.t.l.m.t.s.impl.TypeModelServiceImpl    : Creating new TypeModelEntity
2021-05-25 23:56:13.748  INFO [type-service,c42f9c7fe08bd6d2,c42f9c7fe08bd6d2,true] 1276 --- [io-10080-exec-5] c.t.l.m.t.s.impl.TypeModelServiceImpl    : Created new TypeModelForm with id: 11
2021-05-25 23:56:17.882  INFO [type-service,a52d1b78c9fd4170,a52d1b78c9fd4170,true] 1276 --- [io-10080-exec-3] c.t.l.m.t.s.impl.TypeModelServiceImpl    : Requesting TypeModelEntity by id: 11
2021-05-25 23:56:17.890  INFO [type-service,a52d1b78c9fd4170,a52d1b78c9fd4170,true] 1276 --- [io-10080-exec-3] c.t.l.m.t.s.impl.TypeModelServiceImpl    : Found TypeModelVo by id: 11
2021-05-25 23:56:35.011  INFO [type-service,1287a047b781c1e4,1287a047b781c1e4,true] 1276 --- [io-10080-exec-4] c.t.l.m.t.s.impl.TypeModelServiceImpl    : Patching TypeModelEntity by id: 11
2021-05-25 23:56:35.019  INFO [type-service,1287a047b781c1e4,1287a047b781c1e4,true] 1276 --- [io-10080-exec-4] c.t.l.m.t.s.impl.TypeModelServiceImpl    : Patched TypeModelEntity with id:11
2021-05-25 23:57:04.543  INFO [type-service,2c40ef2324b0ef66,2c40ef2324b0ef66,true] 1276 --- [io-10080-exec-7] c.t.l.m.t.s.impl.TypeModelServiceImpl    : Creating new TypeModelEntity
2021-05-25 23:57:04.562  INFO [type-service,2c40ef2324b0ef66,2c40ef2324b0ef66,true] 1276 --- [io-10080-exec-7] c.t.l.m.t.s.impl.TypeModelServiceImpl    : Created new TypeModelForm with id: 12
2021-05-25 23:57:09.110  INFO [type-service,c8ffdd06a6cbe423,c8ffdd06a6cbe423,true] 1276 --- [io-10080-exec-6] c.t.l.m.t.s.impl.TypeModelServiceImpl    : Creating new TypeModelEntity
2021-05-25 23:57:09.124  INFO [type-service,c8ffdd06a6cbe423,c8ffdd06a6cbe423,true] 1276 --- [io-10080-exec-6] c.t.l.m.t.s.impl.TypeModelServiceImpl    : Created new TypeModelForm with id: 13
2021-05-25 23:57:10.877  INFO [type-service,6d8af7c72e8f2d61,6d8af7c72e8f2d61,true] 1276 --- [io-10080-exec-8] c.t.l.m.t.s.impl.TypeModelServiceImpl    : Creating new TypeModelEntity
2021-05-25 23:57:26.211  INFO [type-service,ad09bf89c7a59ce5,ad09bf89c7a59ce5,true] 1276 --- [o-10080-exec-10] c.t.l.m.t.s.impl.TypeModelServiceImpl    : Creating new TypeModelEntity
2021-05-25 23:57:26.242  INFO [type-service,ad09bf89c7a59ce5,ad09bf89c7a59ce5,true] 1276 --- [o-10080-exec-10] c.t.l.m.t.s.impl.TypeModelServiceImpl    : Created new TypeModelForm with id: 14
2021-05-25 23:57:32.684  INFO [type-service,85d37e90d7f647e1,85d37e90d7f647e1,true] 1276 --- [io-10080-exec-9] c.t.l.m.t.s.impl.TypeModelServiceImpl    : Creating new TypeModelEntity
2021-05-25 23:57:32.708  INFO [type-service,85d37e90d7f647e1,85d37e90d7f647e1,true] 1276 --- [io-10080-exec-9] c.t.l.m.t.s.impl.TypeModelServiceImpl    : Created new TypeModelForm with id: 15
2021-05-25 23:57:57.915  INFO [type-service,8c3c723a2dae6744,8c3c723a2dae6744,true] 1276 --- [io-10080-exec-2] c.t.l.m.t.s.impl.TypeModelServiceImpl    : Creating new TypeModelEntity
2021-05-25 23:57:57.939  INFO [type-service,8c3c723a2dae6744,8c3c723a2dae6744,true] 1276 --- [io-10080-exec-2] c.t.l.m.t.s.impl.TypeModelServiceImpl    : Created new TypeModelForm with id: 16
2021-05-25 23:58:16.114  INFO [type-service,4dbf69e496df142c,4dbf69e496df142c,true] 1276 --- [io-10080-exec-1] c.t.l.m.t.s.impl.TypeModelServiceImpl    : Patching TypeModelEntity by id: 15
2021-05-25 23:58:16.118  INFO [type-service,4dbf69e496df142c,4dbf69e496df142c,true] 1276 --- [io-10080-exec-1] c.t.l.m.t.s.impl.TypeModelServiceImpl    : Patched TypeModelEntity with id:15
2021-05-25 23:58:31.962  INFO [type-service,63c601c36776f7e1,63c601c36776f7e1,true] 1276 --- [io-10080-exec-5] c.t.l.m.t.s.impl.TypeModelServiceImpl    : Patching TypeModelEntity by id: 14
2021-05-25 23:58:31.966  INFO [type-service,63c601c36776f7e1,63c601c36776f7e1,true] 1276 --- [io-10080-exec-5] c.t.l.m.t.s.impl.TypeModelServiceImpl    : Patched TypeModelEntity with id:14
2021-05-25 23:58:41.702  INFO [type-service,f70e9cb2e6d8c9f6,f70e9cb2e6d8c9f6,true] 1276 --- [io-10080-exec-3] c.t.l.m.t.s.impl.TypeModelServiceImpl    : Patching TypeModelEntity by id: 15
2021-05-25 23:58:41.710  INFO [type-service,f70e9cb2e6d8c9f6,f70e9cb2e6d8c9f6,true] 1276 --- [io-10080-exec-3] c.t.l.m.t.s.impl.TypeModelServiceImpl    : Patched TypeModelEntity with id:15
2021-05-25 23:58:53.236  INFO [type-service,f1e30fb26cb46887,f1e30fb26cb46887,true] 1276 --- [io-10080-exec-4] c.t.l.m.t.s.impl.TypeModelServiceImpl    : Patching TypeModelEntity by id: 16
2021-05-25 23:58:53.244  INFO [type-service,f1e30fb26cb46887,f1e30fb26cb46887,true] 1276 --- [io-10080-exec-4] c.t.l.m.t.s.impl.TypeModelServiceImpl    : Patched TypeModelEntity with id:16
2021-05-25 23:59:29.516  INFO [type-service,e53a55d129f6f05e,e53a55d129f6f05e,true] 1276 --- [io-10080-exec-6] c.t.l.m.t.s.impl.TypeModelServiceImpl    : Requesting TypeModelEntity that belong to typeLovId: 7
2021-05-25 23:59:29.520  INFO [type-service,e53a55d129f6f05e,e53a55d129f6f05e,true] 1276 --- [io-10080-exec-6] c.t.l.m.t.s.impl.TypeModelServiceImpl    : Requesting TypeLOVEntity by typeLovId: 7
2021-05-25 23:59:29.613  INFO [type-service,e53a55d129f6f05e,e53a55d129f6f05e,true] 1276 --- [io-10080-exec-6] c.t.l.m.t.s.impl.TypeModelServiceImpl    : Found 3 TypeModelVo belonging to typeLovId: 7
